<?xml version="1.0" encoding="UTF-8"?>
<!-- Generated by org.testng.reporters.JUnitXMLReporter -->
<testsuite ignored="0" hostname="Laptop-Jaskirat" failures="1" tests="2" name="Test in Chrome" time="114.503" errors="0" timestamp="2022-09-19T17:13:57 IST">
  <testcase classname="framework.tests.SearchProductsTest" name="testProductName" time="35.957">
    <failure type="java.lang.AssertionError" message="The following asserts failed:
	FAIL | Actual google pixel 6a 5g (charcoal, 6gb ram, 128gb storage) doesn&amp;apos;t contain search parameter iphone expected [true] but found [false]">
      <![CDATA[java.lang.AssertionError: The following asserts failed:
FAIL | Actual google pixel 6a 5g (charcoal, 6gb ram, 128gb storage) doesn't contain search parameter iphone expected [true] but found [false]
at framework.tests.SearchProductsTest.testProductName(SearchProductsTest.java:57)
at java.base/java.util.ArrayList.forEach(ArrayList.java:1511)
at java.base/java.util.concurrent.FutureTask.run(FutureTask.java:264)
at java.base/java.util.concurrent.ThreadPoolExecutor.runWorker(ThreadPoolExecutor.java:1136)
at java.base/java.util.concurrent.ThreadPoolExecutor$Worker.run(ThreadPoolExecutor.java:635)
at java.base/java.lang.Thread.run(Thread.java:833)
... Removed 20 stack frames]]>
    </failure>
  </testcase> <!-- testProductName -->
  <testcase classname="framework.tests.SearchProductsTest" name="testAddProductToCart" time="36.731"/>
</testsuite> <!-- Test in Chrome -->
